#
# There is insufficient memory for the Java Runtime Environment to continue.
# Native memory allocation (mmap) failed to map 47185920 bytes for G1 virtual space
# Possible reasons:
#   The system is out of physical RAM or swap space
#   The process is running with CompressedOops enabled, and the Java Heap may be blocking the growth of the native heap
# Possible solutions:
#   Reduce memory load on the system
#   Increase physical memory or swap space
#   Check if swap backing store is full
#   Decrease Java heap size (-Xmx/-Xms)
#   Decrease number of Java threads
#   Decrease Java thread stack sizes (-Xss)
#   Set larger code cache with -XX:ReservedCodeCacheSize=
#   JVM is running with Unscaled Compressed Oops mode in which the Java heap is
#     placed in the first 4GB address space. The Java Heap base address is the
#     maximum limit for the native heap growth. Please use -XX:HeapBaseMinAddress
#     to set the Java Heap base and to place the Java Heap above 4GB virtual address.
# This output file may be truncated or incomplete.
#
#  Out of Memory Error (os_windows.cpp:3541), pid=3996, tid=7596
#
# JRE version: Java(TM) SE Runtime Environment (17.0.5+9) (build 17.0.5+9-LTS-191)
# Java VM: Java HotSpot(TM) 64-Bit Server VM (17.0.5+9-LTS-191, mixed mode, sharing, tiered, compressed oops, compressed class ptrs, g1 gc, windows-amd64)
# No core dump will be written. Minidumps are not enabled by default on client versions of Windows
#

---------------  S U M M A R Y ------------

Command Line: -javaagent:C:\Program Files\JetBrains\IntelliJ IDEA Community Edition 2022.3.2\lib\idea_rt.jar=50165:C:\Program Files\JetBrains\IntelliJ IDEA Community Edition 2022.3.2\bin -Dfile.encoding=UTF-8 rs.fon.studentska_sluzba.StudentskaSluzbaApplication

Host: Intel(R) Core(TM) i3-5005U CPU @ 2.00GHz, 4 cores, 3G,  Windows 10 , 64 bit Build 19041 (10.0.19041.546)
Time: Wed Feb  8 19:38:59 2023 Central Europe Standard Time elapsed time: 388.696251 seconds (0d 0h 6m 28s)

---------------  T H R E A D  ---------------

Current thread (0x0000027c1e5a2820):  VMThread "VM Thread" [stack: 0x0000009185e00000,0x0000009185f00000] [id=7596]

Stack: [0x0000009185e00000,0x0000009185f00000]
Native frames: (J=compiled Java code, j=interpreted, Vv=VM code, C=native code)
V  [jvm.dll+0x672eea]
V  [jvm.dll+0x7d2a04]
V  [jvm.dll+0x7d41ae]
V  [jvm.dll+0x7d4813]
V  [jvm.dll+0x242c15]
V  [jvm.dll+0x66fe09]
V  [jvm.dll+0x664682]
V  [jvm.dll+0x300e8b]
V  [jvm.dll+0x308426]
V  [jvm.dll+0x357ffe]
V  [jvm.dll+0x35822f]
V  [jvm.dll+0x2d80a8]
V  [jvm.dll+0x2d6374]
V  [jvm.dll+0x2d597c]
V  [jvm.dll+0x3193eb]
V  [jvm.dll+0x7d8ceb]
V  [jvm.dll+0x7d9a24]
V  [jvm.dll+0x7d9f3c]
V  [jvm.dll+0x7da314]
V  [jvm.dll+0x7da3e0]
V  [jvm.dll+0x782b4a]
V  [jvm.dll+0x671d75]
C  [ucrtbase.dll+0x214c2]
C  [KERNEL32.DLL+0x17034]
C  [ntdll.dll+0x4cec1]

VM_Operation (0x00000091866fe6a0): G1CollectForAllocation, mode: safepoint, requested by thread 0x0000027c39716650


---------------  P R O C E S S  ---------------

Threads class SMR info:
_java_thread_list=0x0000027c3e8cd4a0, length=30, elements={
0x0000027c1e5aa490, 0x0000027c1e5ab300, 0x0000027c1e5bc650, 0x0000027c1e5bd000,
0x0000027c1e5be150, 0x0000027c1e5beb00, 0x0000027c39710f00, 0x0000027c39716650,
0x0000027c3972aef0, 0x0000027c3970cce0, 0x0000027c3a2f0350, 0x0000027c3a378650,
0x0000027c3b2896b0, 0x0000027c3b287ea0, 0x0000027c3b288d10, 0x0000027c3b288370,
0x0000027c3b287500, 0x0000027c3b28a9f0, 0x0000027c3b289b80, 0x0000027c3b28a520,
0x0000027c3b28a050, 0x0000027c3b287030, 0x0000027c3e545550, 0x0000027c3e548a40,
0x0000027c3e546890, 0x0000027c3e54c400, 0x0000027c3e545a20, 0x0000027c3e549d80,
0x0000027c3e54bf30, 0x0000027c3e54a250
}

Java Threads: ( => current thread )
  0x0000027c1e5aa490 JavaThread "Reference Handler" daemon [_thread_blocked, id=9660, stack(0x0000009185f00000,0x0000009186000000)]
  0x0000027c1e5ab300 JavaThread "Finalizer" daemon [_thread_blocked, id=7148, stack(0x0000009186000000,0x0000009186100000)]
  0x0000027c1e5bc650 JavaThread "Signal Dispatcher" daemon [_thread_blocked, id=7500, stack(0x0000009186100000,0x0000009186200000)]
  0x0000027c1e5bd000 JavaThread "Attach Listener" daemon [_thread_blocked, id=7496, stack(0x0000009186200000,0x0000009186300000)]
  0x0000027c1e5be150 JavaThread "Service Thread" daemon [_thread_blocked, id=10020, stack(0x0000009186300000,0x0000009186400000)]
  0x0000027c1e5beb00 JavaThread "Monitor Deflation Thread" daemon [_thread_blocked, id=8720, stack(0x0000009186400000,0x0000009186500000)]
  0x0000027c39710f00 JavaThread "C2 CompilerThread0" daemon [_thread_blocked, id=8340, stack(0x0000009186500000,0x0000009186600000)]
  0x0000027c39716650 JavaThread "C1 CompilerThread0" daemon [_thread_blocked, id=4820, stack(0x0000009186600000,0x0000009186700000)]
  0x0000027c3972aef0 JavaThread "Sweeper thread" daemon [_thread_blocked, id=12048, stack(0x0000009186700000,0x0000009186800000)]
  0x0000027c3970cce0 JavaThread "Common-Cleaner" daemon [_thread_blocked, id=7768, stack(0x0000009186800000,0x0000009186900000)]
  0x0000027c3a2f0350 JavaThread "Monitor Ctrl-Break" daemon [_thread_in_native, id=9204, stack(0x0000009186900000,0x0000009186a00000)]
  0x0000027c3a378650 JavaThread "Notification Thread" daemon [_thread_blocked, id=11256, stack(0x0000009186a00000,0x0000009186b00000)]
  0x0000027c3b2896b0 JavaThread "mysql-cj-abandoned-connection-cleanup" daemon [_thread_blocked, id=1164, stack(0x0000009186f00000,0x0000009187000000)]
  0x0000027c3b287ea0 JavaThread "HikariPool-1 housekeeper" daemon [_thread_blocked, id=11132, stack(0x0000009187000000,0x0000009187100000)]
  0x0000027c3b288d10 JavaThread "Catalina-utility-1" [_thread_blocked, id=2228, stack(0x0000009187300000,0x0000009187400000)]
  0x0000027c3b288370 JavaThread "Catalina-utility-2" [_thread_blocked, id=6344, stack(0x0000009187400000,0x0000009187500000)]
  0x0000027c3b287500 JavaThread "container-0" [_thread_blocked, id=608, stack(0x0000009187500000,0x0000009187600000)]
  0x0000027c3b28a9f0 JavaThread "http-nio-8080-exec-1" daemon [_thread_blocked, id=408, stack(0x0000009187200000,0x0000009187300000)]
  0x0000027c3b289b80 JavaThread "http-nio-8080-exec-2" daemon [_thread_blocked, id=10988, stack(0x0000009187600000,0x0000009187700000)]
  0x0000027c3b28a520 JavaThread "http-nio-8080-exec-3" daemon [_thread_blocked, id=10104, stack(0x0000009187700000,0x0000009187800000)]
  0x0000027c3b28a050 JavaThread "http-nio-8080-exec-4" daemon [_thread_blocked, id=9080, stack(0x0000009187800000,0x0000009187900000)]
  0x0000027c3b287030 JavaThread "http-nio-8080-exec-5" daemon [_thread_blocked, id=8288, stack(0x0000009187900000,0x0000009187a00000)]
  0x0000027c3e545550 JavaThread "http-nio-8080-exec-6" daemon [_thread_blocked, id=3256, stack(0x0000009187a00000,0x0000009187b00000)]
  0x0000027c3e548a40 JavaThread "http-nio-8080-exec-7" daemon [_thread_blocked, id=860, stack(0x0000009187b00000,0x0000009187c00000)]
  0x0000027c3e546890 JavaThread "http-nio-8080-exec-8" daemon [_thread_blocked, id=4400, stack(0x0000009187c00000,0x0000009187d00000)]
  0x0000027c3e54c400 JavaThread "http-nio-8080-exec-9" daemon [_thread_blocked, id=9148, stack(0x0000009187d00000,0x0000009187e00000)]
  0x0000027c3e545a20 JavaThread "http-nio-8080-exec-10" daemon [_thread_blocked, id=8292, stack(0x0000009187e00000,0x0000009187f00000)]
  0x0000027c3e549d80 JavaThread "http-nio-8080-Poller" daemon [_thread_in_native, id=4244, stack(0x0000009187f00000,0x0000009188000000)]
  0x0000027c3e54bf30 JavaThread "http-nio-8080-Acceptor" daemon [_thread_in_native, id=5736, stack(0x0000009188000000,0x0000009188100000)]
  0x0000027c3e54a250 JavaThread "DestroyJavaVM" [_thread_blocked, id=3676, stack(0x0000009185800000,0x0000009185900000)]

Other Threads:
=>0x0000027c1e5a2820 VMThread "VM Thread" [stack: 0x0000009185e00000,0x0000009185f00000] [id=7596]
  0x0000027c3a2b42a0 WatcherThread [stack: 0x0000009186b00000,0x0000009186c00000] [id=1196]
  0x0000027c1e527790 GCTaskThread "GC Thread#0" [stack: 0x0000009185900000,0x0000009185a00000] [id=1136]
  0x0000027c3a80c9a0 GCTaskThread "GC Thread#1" [stack: 0x0000009186c00000,0x0000009186d00000] [id=8892]
  0x0000027c3a6b4750 GCTaskThread "GC Thread#2" [stack: 0x0000009186d00000,0x0000009186e00000] [id=10028]
  0x0000027c3a6b4a00 GCTaskThread "GC Thread#3" [stack: 0x0000009186e00000,0x0000009186f00000] [id=11492]
  0x0000027c1e530450 ConcurrentGCThread "G1 Main Marker" [stack: 0x0000009185a00000,0x0000009185b00000] [id=1476]
  0x0000027c1e530e60 ConcurrentGCThread "G1 Conc#0" [stack: 0x0000009185b00000,0x0000009185c00000] [id=11880]
  0x0000027c1e5808e0 ConcurrentGCThread "G1 Refine#0" [stack: 0x0000009185c00000,0x0000009185d00000] [id=10984]
  0x0000027c1e583320 ConcurrentGCThread "G1 Service" [stack: 0x0000009185d00000,0x0000009185e00000] [id=8696]

Threads with active compile tasks:
C2 CompilerThread0   388780 6409   !   4       java.lang.reflect.Executable::declaredAnnotations (85 bytes)
C1 CompilerThread0   388780 6410   !   3       org.apache.tomcat.util.net.NioEndpoint$Poller::timeout (500 bytes)

VM state: at safepoint (normal execution)

VM Mutex/Monitor currently owned by a thread:  ([mutex/lock_event])
[0x0000027c1e4e6e10] Threads_lock - owner thread: 0x0000027c1e5a2820
[0x0000027c1e4e70e0] Heap_lock - owner thread: 0x0000027c39716650

Heap address: 0x00000000c1400000, size: 1004 MB, Compressed Oops mode: 32-bit

CDS archive(s) mapped at: [0x0000000800000000-0x0000000800bd0000-0x0000000800bd0000), size 12386304, SharedBaseAddress: 0x0000000800000000, ArchiveRelocationMode: 0.
Compressed class space mapped at: 0x0000000800c00000-0x0000000840c00000, reserved size: 1073741824
Narrow klass base: 0x0000000800000000, Narrow klass shift: 0, Narrow klass range: 0x100000000

GC Precious Log:
 CPUs: 4 total, 4 available
 Memory: 4015M
 Large Page Support: Disabled
 NUMA Support: Disabled
 Compressed Oops: Enabled (32-bit)
 Heap Region Size: 1M
 Heap Min Capacity: 8M
 Heap Initial Capacity: 64M
 Heap Max Capacity: 1004M
 Pre-touch: Disabled
 Parallel Workers: 4
 Concurrent Workers: 1
 Concurrent Refinement Workers: 4
 Periodic GC: Disabled

Heap:
 garbage-first heap   total 97280K, used 30456K [0x00000000c1400000, 0x0000000100000000)
  region size 1024K, 3 young (3072K), 3 survivors (3072K)
 Metaspace       used 66782K, committed 67328K, reserved 1114112K
  class space    used 9144K, committed 9408K, reserved 1048576K

Heap Regions: E=young(eden), S=young(survivor), O=old, HS=humongous(starts), HC=humongous(continues), CS=collection set, F=free, OA=open archive, CA=closed archive, TAMS=top-at-mark-start (previous, next)
|   0|0x00000000c1400000, 0x00000000c1500000, 0x00000000c1500000|100%|HS|  |TAMS 0x00000000c1500000, 0x00000000c1400000| Complete 
|   1|0x00000000c1500000, 0x00000000c1600000, 0x00000000c1600000|100%| O|  |TAMS 0x00000000c1600000, 0x00000000c1500000| Untracked 
|   2|0x00000000c1600000, 0x00000000c1700000, 0x00000000c1700000|100%| O|  |TAMS 0x00000000c1700000, 0x00000000c1600000| Untracked 
|   3|0x00000000c1700000, 0x00000000c1800000, 0x00000000c1800000|100%| O|  |TAMS 0x00000000c1800000, 0x00000000c1700000| Untracked 
|   4|0x00000000c1800000, 0x00000000c1900000, 0x00000000c1900000|100%| O|  |TAMS 0x00000000c1900000, 0x00000000c1800000| Untracked 
|   5|0x00000000c1900000, 0x00000000c1a00000, 0x00000000c1a00000|100%| O|  |TAMS 0x00000000c1a00000, 0x00000000c1900000| Untracked 
|   6|0x00000000c1a00000, 0x00000000c1b00000, 0x00000000c1b00000|100%| O|  |TAMS 0x00000000c1b00000, 0x00000000c1a00000| Untracked 
|   7|0x00000000c1b00000, 0x00000000c1c00000, 0x00000000c1c00000|100%| O|  |TAMS 0x00000000c1c00000, 0x00000000c1b00000| Untracked 
|   8|0x00000000c1c00000, 0x00000000c1d00000, 0x00000000c1d00000|100%| O|  |TAMS 0x00000000c1d00000, 0x00000000c1c00000| Untracked 
|   9|0x00000000c1d00000, 0x00000000c1e00000, 0x00000000c1e00000|100%| O|  |TAMS 0x00000000c1e00000, 0x00000000c1d00000| Untracked 
|  10|0x00000000c1e00000, 0x00000000c1f00000, 0x00000000c1f00000|100%| O|  |TAMS 0x00000000c1f00000, 0x00000000c1e00000| Untracked 
|  11|0x00000000c1f00000, 0x00000000c2000000, 0x00000000c2000000|100%| O|  |TAMS 0x00000000c2000000, 0x00000000c1f00000| Untracked 
|  12|0x00000000c2000000, 0x00000000c2100000, 0x00000000c2100000|100%| O|  |TAMS 0x00000000c2100000, 0x00000000c2000000| Untracked 
|  13|0x00000000c2100000, 0x00000000c2200000, 0x00000000c2200000|100%| O|  |TAMS 0x00000000c2200000, 0x00000000c2100000| Untracked 
|  14|0x00000000c2200000, 0x00000000c2200000, 0x00000000c2300000|  0%| F|  |TAMS 0x00000000c2200000, 0x00000000c2200000| Untracked 
|  15|0x00000000c2300000, 0x00000000c2400000, 0x00000000c2400000|100%| O|  |TAMS 0x00000000c2400000, 0x00000000c2300000| Untracked 
|  16|0x00000000c2400000, 0x00000000c2500000, 0x00000000c2500000|100%| O|  |TAMS 0x00000000c24b3a00, 0x00000000c2400000| Untracked 
|  17|0x00000000c2500000, 0x00000000c2600000, 0x00000000c2600000|100%| O|  |TAMS 0x00000000c2600000, 0x00000000c2500000| Untracked 
|  18|0x00000000c2600000, 0x00000000c2700000, 0x00000000c2700000|100%| O|  |TAMS 0x00000000c2700000, 0x00000000c2600000| Untracked 
|  19|0x00000000c2700000, 0x00000000c2800000, 0x00000000c2800000|100%| O|  |TAMS 0x00000000c2800000, 0x00000000c2700000| Untracked 
|  20|0x00000000c2800000, 0x00000000c2900000, 0x00000000c2900000|100%| O|  |TAMS 0x00000000c2900000, 0x00000000c2800000| Untracked 
|  21|0x00000000c2900000, 0x00000000c2a00000, 0x00000000c2a00000|100%| O|  |TAMS 0x00000000c2a00000, 0x00000000c2900000| Untracked 
|  22|0x00000000c2a00000, 0x00000000c2b00000, 0x00000000c2b00000|100%| O|  |TAMS 0x00000000c2a00000, 0x00000000c2a00000| Untracked 
|  23|0x00000000c2b00000, 0x00000000c2c00000, 0x00000000c2c00000|100%| O|  |TAMS 0x00000000c2b00000, 0x00000000c2b00000| Untracked 
|  24|0x00000000c2c00000, 0x00000000c2d00000, 0x00000000c2d00000|100%| O|  |TAMS 0x00000000c2c00000, 0x00000000c2c00000| Untracked 
|  25|0x00000000c2d00000, 0x00000000c2e00000, 0x00000000c2e00000|100%| O|  |TAMS 0x00000000c2d00000, 0x00000000c2d00000| Untracked 
|  26|0x00000000c2e00000, 0x00000000c2f00000, 0x00000000c2f00000|100%| O|  |TAMS 0x00000000c2e00000, 0x00000000c2e00000| Untracked 
|  27|0x00000000c2f00000, 0x00000000c2f7b600, 0x00000000c3000000| 48%| O|  |TAMS 0x00000000c2f00000, 0x00000000c2f00000| Untracked 
|  28|0x00000000c3000000, 0x00000000c3100000, 0x00000000c3100000|100%| O|  |TAMS 0x00000000c3100000, 0x00000000c3000000| Untracked 
|  29|0x00000000c3100000, 0x00000000c3100000, 0x00000000c3200000|  0%| F|  |TAMS 0x00000000c3100000, 0x00000000c3100000| Untracked 
|  30|0x00000000c3200000, 0x00000000c3200000, 0x00000000c3300000|  0%| F|  |TAMS 0x00000000c3200000, 0x00000000c3200000| Untracked 
|  31|0x00000000c3300000, 0x00000000c3300000, 0x00000000c3400000|  0%| F|  |TAMS 0x00000000c3300000, 0x00000000c3300000| Untracked 
|  32|0x00000000c3400000, 0x00000000c3400000, 0x00000000c3500000|  0%| F|  |TAMS 0x00000000c3400000, 0x00000000c3400000| Untracked 
|  33|0x00000000c3500000, 0x00000000c3500000, 0x00000000c3600000|  0%| F|  |TAMS 0x00000000c3500000, 0x00000000c3500000| Untracked 
|  34|0x00000000c3600000, 0x00000000c3600000, 0x00000000c3700000|  0%| F|  |TAMS 0x00000000c3600000, 0x00000000c3600000| Untracked 
|  35|0x00000000c3700000, 0x00000000c3700000, 0x00000000c3800000|  0%| F|  |TAMS 0x00000000c3700000, 0x00000000c3700000| Untracked 
|  36|0x00000000c3800000, 0x00000000c3800000, 0x00000000c3900000|  0%| F|  |TAMS 0x00000000c3800000, 0x00000000c3800000| Untracked 
|  37|0x00000000c3900000, 0x00000000c3942b00, 0x00000000c3a00000| 26%| S|CS|TAMS 0x00000000c3900000, 0x00000000c3900000| Complete 
|  38|0x00000000c3a00000, 0x00000000c3b00000, 0x00000000c3b00000|100%| S|CS|TAMS 0x00000000c3a00000, 0x00000000c3a00000| Complete 
|  39|0x00000000c3b00000, 0x00000000c3c00000, 0x00000000c3c00000|100%| S|CS|TAMS 0x00000000c3b00000, 0x00000000c3b00000| Complete 
|  40|0x00000000c3c00000, 0x00000000c3c00000, 0x00000000c3d00000|  0%| F|  |TAMS 0x00000000c3c00000, 0x00000000c3c00000| Untracked 
|  41|0x00000000c3d00000, 0x00000000c3d00000, 0x00000000c3e00000|  0%| F|  |TAMS 0x00000000c3d00000, 0x00000000c3d00000| Untracked 
|  42|0x00000000c3e00000, 0x00000000c3e00000, 0x00000000c3f00000|  0%| F|  |TAMS 0x00000000c3e00000, 0x00000000c3e00000| Untracked 
|  43|0x00000000c3f00000, 0x00000000c3f00000, 0x00000000c4000000|  0%| F|  |TAMS 0x00000000c3f00000, 0x00000000c3f00000| Untracked 
|  44|0x00000000c4000000, 0x00000000c4000000, 0x00000000c4100000|  0%| F|  |TAMS 0x00000000c4000000, 0x00000000c4000000| Untracked 
|  45|0x00000000c4100000, 0x00000000c4100000, 0x00000000c4200000|  0%| F|  |TAMS 0x00000000c4100000, 0x00000000c4100000| Untracked 
|  46|0x00000000c4200000, 0x00000000c4200000, 0x00000000c4300000|  0%| F|  |TAMS 0x00000000c4200000, 0x00000000c4200000| Untracked 
|  47|0x00000000c4300000, 0x00000000c4300000, 0x00000000c4400000|  0%| F|  |TAMS 0x00000000c4300000, 0x00000000c4300000| Untracked 
|  48|0x00000000c4400000, 0x00000000c4400000, 0x00000000c4500000|  0%| F|  |TAMS 0x00000000c4400000, 0x00000000c4400000| Untracked 
|  49|0x00000000c4500000, 0x00000000c4500000, 0x00000000c4600000|  0%| F|  |TAMS 0x00000000c4500000, 0x00000000c4500000| Untracked 
|  50|0x00000000c4600000, 0x00000000c4600000, 0x00000000c4700000|  0%| F|  |TAMS 0x00000000c4600000, 0x00000000c4600000| Untracked 
|  51|0x00000000c4700000, 0x00000000c4700000, 0x00000000c4800000|  0%| F|  |TAMS 0x00000000c4700000, 0x00000000c4700000| Untracked 
|  52|0x00000000c4800000, 0x00000000c4800000, 0x00000000c4900000|  0%| F|  |TAMS 0x00000000c4800000, 0x00000000c4800000| Untracked 
|  53|0x00000000c4900000, 0x00000000c4900000, 0x00000000c4a00000|  0%| F|  |TAMS 0x00000000c4900000, 0x00000000c4900000| Untracked 
|  54|0x00000000c4a00000, 0x00000000c4a00000, 0x00000000c4b00000|  0%| F|  |TAMS 0x00000000c4a00000, 0x00000000c4a00000| Untracked 
|  55|0x00000000c4b00000, 0x00000000c4b00000, 0x00000000c4c00000|  0%| F|  |TAMS 0x00000000c4b00000, 0x00000000c4b00000| Untracked 
|  56|0x00000000c4c00000, 0x00000000c4c00000, 0x00000000c4d00000|  0%| F|  |TAMS 0x00000000c4c00000, 0x00000000c4c00000| Untracked 
|  57|0x00000000c4d00000, 0x00000000c4d00000, 0x00000000c4e00000|  0%| F|  |TAMS 0x00000000c4d00000, 0x00000000c4d00000| Untracked 
|  58|0x00000000c4e00000, 0x00000000c4e00000, 0x00000000c4f00000|  0%| F|  |TAMS 0x00000000c4e00000, 0x00000000c4e00000| Untracked 
|  59|0x00000000c4f00000, 0x00000000c4f00000, 0x00000000c5000000|  0%| F|  |TAMS 0x00000000c4f00000, 0x00000000c4f00000| Untracked 
|  60|0x00000000c5000000, 0x00000000c5000000, 0x00000000c5100000|  0%| F|  |TAMS 0x00000000c5000000, 0x00000000c5000000| Untracked 
|  61|0x00000000c5100000, 0x00000000c5100000, 0x00000000c5200000|  0%| F|  |TAMS 0x00000000c5100000, 0x00000000c5100000| Untracked 
|  62|0x00000000c5200000, 0x00000000c5200000, 0x00000000c5300000|  0%| F|  |TAMS 0x00000000c5200000, 0x00000000c5200000| Untracked 
|  63|0x00000000c5300000, 0x00000000c5300000, 0x00000000c5400000|  0%| F|  |TAMS 0x00000000c5300000, 0x00000000c5300000| Untracked 
|  64|0x00000000c5400000, 0x00000000c5400000, 0x00000000c5500000|  0%| F|  |TAMS 0x00000000c5400000, 0x00000000c5400000| Untracked 
|  65|0x00000000c5500000, 0x00000000c5500000, 0x00000000c5600000|  0%| F|  |TAMS 0x00000000c5500000, 0x00000000c5500000| Untracked 
|  66|0x00000000c5600000, 0x00000000c5600000, 0x00000000c5700000|  0%| F|  |TAMS 0x00000000c5600000, 0x00000000c5600000| Untracked 
|  67|0x00000000c5700000, 0x00000000c5700000, 0x00000000c5800000|  0%| F|  |TAMS 0x00000000c5700000, 0x00000000c5700000| Untracked 
|  68|0x00000000c5800000, 0x00000000c5800000, 0x00000000c5900000|  0%| F|  |TAMS 0x00000000c5800000, 0x00000000c5800000| Untracked 
|  69|0x00000000c5900000, 0x00000000c5900000, 0x00000000c5a00000|  0%| F|  |TAMS 0x00000000c5900000, 0x00000000c5900000| Untracked 
|  70|0x00000000c5a00000, 0x00000000c5a00000, 0x00000000c5b00000|  0%| F|  |TAMS 0x00000000c5a00000, 0x00000000c5a00000| Untracked 
|  71|0x00000000c5b00000, 0x00000000c5b00000, 0x00000000c5c00000|  0%| F|  |TAMS 0x00000000c5b00000, 0x00000000c5b00000| Untracked 
|  72|0x00000000c5c00000, 0x00000000c5c00000, 0x00000000c5d00000|  0%| F|  |TAMS 0x00000000c5c00000, 0x00000000c5c00000| Untracked 
|  73|0x00000000c5d00000, 0x00000000c5d00000, 0x00000000c5e00000|  0%| F|  |TAMS 0x00000000c5d00000, 0x00000000c5d00000| Untracked 
|  74|0x00000000c5e00000, 0x00000000c5e00000, 0x00000000c5f00000|  0%| F|  |TAMS 0x00000000c5e00000, 0x00000000c5e00000| Untracked 
|  75|0x00000000c5f00000, 0x00000000c5f00000, 0x00000000c6000000|  0%| F|  |TAMS 0x00000000c5f00000, 0x00000000c5f00000| Untracked 
|  76|0x00000000c6000000, 0x00000000c6000000, 0x00000000c6100000|  0%| F|  |TAMS 0x00000000c6000000, 0x00000000c6000000| Untracked 
|  77|0x00000000c6100000, 0x00000000c6100000, 0x00000000c6200000|  0%| F|  |TAMS 0x00000000c6100000, 0x00000000c6100000| Untracked 
|  78|0x00000000c6200000, 0x00000000c6200000, 0x00000000c6300000|  0%| F|  |TAMS 0x00000000c6200000, 0x00000000c6200000| Untracked 
|  79|0x00000000c6300000, 0x00000000c6300000, 0x00000000c6400000|  0%| F|  |TAMS 0x00000000c6300000, 0x00000000c6300000| Untracked 
|  80|0x00000000c6400000, 0x00000000c6400000, 0x00000000c6500000|  0%| F|  |TAMS 0x00000000c6400000, 0x00000000c6400000| Untracked 
|  81|0x00000000c6500000, 0x00000000c6500000, 0x00000000c6600000|  0%| F|  |TAMS 0x00000000c6500000, 0x00000000c6500000| Untracked 
|  82|0x00000000c6600000, 0x00000000c6600000, 0x00000000c6700000|  0%| F|  |TAMS 0x00000000c6600000, 0x00000000c6600000| Untracked 
|  83|0x00000000c6700000, 0x00000000c6700000, 0x00000000c6800000|  0%| F|  |TAMS 0x00000000c6700000, 0x00000000c6700000| Untracked 
|  84|0x00000000c6800000, 0x00000000c6800000, 0x00000000c6900000|  0%| F|  |TAMS 0x00000000c6800000, 0x00000000c6800000| Untracked 
|  85|0x00000000c6900000, 0x00000000c6900000, 0x00000000c6a00000|  0%| F|  |TAMS 0x00000000c6900000, 0x00000000c6900000| Untracked 
|  86|0x00000000c6a00000, 0x00000000c6a00000, 0x00000000c6b00000|  0%| F|  |TAMS 0x00000000c6a00000, 0x00000000c6a00000| Untracked 
|  87|0x00000000c6b00000, 0x00000000c6b00000, 0x00000000c6c00000|  0%| F|  |TAMS 0x00000000c6b00000, 0x00000000c6b00000| Untracked 
|  88|0x00000000c6c00000, 0x00000000c6c00000, 0x00000000c6d00000|  0%| F|  |TAMS 0x00000000c6c00000, 0x00000000c6c00000| Untracked 
|  89|0x00000000c6d00000, 0x00000000c6d00000, 0x00000000c6e00000|  0%| F|  |TAMS 0x00000000c6d00000, 0x00000000c6d00000| Untracked 
|  90|0x00000000c6e00000, 0x00000000c6e00000, 0x00000000c6f00000|  0%| F|  |TAMS 0x00000000c6e00000, 0x00000000c6e00000| Untracked 
|  91|0x00000000c6f00000, 0x00000000c6f00000, 0x00000000c7000000|  0%| F|  |TAMS 0x00000000c6f00000, 0x00000000c6f00000| Untracked 
|  92|0x00000000c7000000, 0x00000000c7000000, 0x00000000c7100000|  0%| F|  |TAMS 0x00000000c7000000, 0x00000000c7000000| Untracked 
|  93|0x00000000c7100000, 0x00000000c7100000, 0x00000000c7200000|  0%| F|  |TAMS 0x00000000c7100000, 0x00000000c7100000| Untracked 
|  94|0x00000000c7200000, 0x00000000c7200000, 0x00000000c7300000|  0%| F|  |TAMS 0x00000000c7200000, 0x00000000c7200000| Untracked 

Card table byte_map: [0x0000027c34f60000,0x0000027c35160000] _byte_map_base: 0x0000027c34956000

Marking Bits (Prev, Next): (CMBitMap*) 0x0000027c1e527de0, (CMBitMap*) 0x0000027c1e527da0
 Prev Bits: [0x0000027c36310000, 0x0000027c372c0000)
 Next Bits: [0x0000027c35360000, 0x0000027c36310000)

Polling page: 0x0000027c1c480000

Metaspace:

Usage:
  Non-class:     56.29 MB used.
      Class:      8.93 MB used.
       Both:     65.22 MB used.

Virtual space:
  Non-class space:       64.00 MB reserved,      56.56 MB ( 88%) committed,  8 nodes.
      Class space:        1.00 GB reserved,       9.19 MB ( <1%) committed,  1 nodes.
             Both:        1.06 GB reserved,      65.75 MB (  6%) committed. 

Chunk freelists:
   Non-Class:  3.08 MB
       Class:  2.72 MB
        Both:  5.80 MB

MaxMetaspaceSize: unlimited
CompressedClassSpaceSize: 1.00 GB
Initial GC threshold: 21.00 MB
Current GC threshold: 98.44 MB
CDS: on
MetaspaceReclaimPolicy: balanced
 - commit_granule_bytes: 65536.
 - commit_granule_words: 8192.
 - virtual_space_node_default_size: 1048576.
 - enlarge_chunks_in_place: 1.
 - new_chunks_are_fully_committed: 0.
 - uncommit_free_chunks: 1.
 - use_allocation_guard: 0.
 - handle_deallocations: 1.


Internal statistics:

num_allocs_failed_limit: 9.
num_arena_births: 726.
num_arena_deaths: 0.
num_vsnodes_births: 9.
num_vsnodes_deaths: 0.
num_space_committed: 1052.
num_space_uncommitted: 0.
num_chunks_returned_to_freelist: 9.
num_chunks_taken_from_freelist: 3177.
num_chunk_merges: 9.
num_chunk_splits: 2322.
num_chunks_enlarged: 1850.
num_purges: 0.
num_inconsistent_stats: 0.

CodeHeap 'non-profiled nmethods': size=120000Kb used=3159Kb max_used=3159Kb free=116840Kb
 bounds [0x0000027c2d830000, 0x0000027c2db70000, 0x0000027c34d60000]
CodeHeap 'profiled nmethods': size=120000Kb used=10429Kb max_used=11213Kb free=109570Kb
 bounds [0x0000027c26300000, 0x0000027c26e00000, 0x0000027c2d830000]
CodeHeap 'non-nmethods': size=5760Kb used=1330Kb max_used=1383Kb free=4429Kb
 bounds [0x0000027c25d60000, 0x0000027c25fd0000, 0x0000027c26300000]
 total_blobs=6263 nmethods=5599 adapters=576
 compilation: enabled
              stopped_count=0, restarted_count=0
 full_count=0

Compilation events (20 events):
Event: 388.288 Thread 0x0000027c39716650 nmethod 6401 0x0000027c26382a10 code [0x0000027c26382bc0, 0x0000027c26382da8]
Event: 388.288 Thread 0x0000027c39716650 6402       3       org.springframework.security.crypto.bcrypt.BCrypt::encipher (253 bytes)
Event: 388.288 Thread 0x0000027c39716650 nmethod 6402 0x0000027c26382090 code [0x0000027c26382260, 0x0000027c263826f8]
Event: 388.307 Thread 0x0000027c39716650 6404       3       org.springframework.security.crypto.bcrypt.BCrypt::key (196 bytes)
Event: 388.308 Thread 0x0000027c39716650 nmethod 6404 0x0000027c26381290 code [0x0000027c263814a0, 0x0000027c26381c38]
Event: 388.389 Thread 0x0000027c39710f00 nmethod 6397 0x0000027c2da23710 code [0x0000027c2da239c0, 0x0000027c2da260a0]
Event: 388.389 Thread 0x0000027c39710f00 6406 %     4       org.springframework.security.crypto.bcrypt.BCrypt::key @ 151 (196 bytes)
Event: 388.415 Thread 0x0000027c39710f00 nmethod 6406% 0x0000027c2d8ff810 code [0x0000027c2d8ff9a0, 0x0000027c2d900478]
Event: 388.416 Thread 0x0000027c39710f00 6403       4       org.springframework.security.crypto.bcrypt.BCrypt::encipher (253 bytes)
Event: 388.432 Thread 0x0000027c39710f00 nmethod 6403 0x0000027c2d9f8010 code [0x0000027c2d9f81a0, 0x0000027c2d9f8ab8]
Event: 388.432 Thread 0x0000027c39710f00 6405       4       org.springframework.security.crypto.bcrypt.BCrypt::streamtowords (111 bytes)
Event: 388.437 Thread 0x0000027c39710f00 nmethod 6405 0x0000027c2da23090 code [0x0000027c2da23220, 0x0000027c2da23518]
Event: 388.437 Thread 0x0000027c39710f00 6408       4       org.springframework.security.crypto.bcrypt.BCrypt::key (196 bytes)
Event: 388.518 Thread 0x0000027c39710f00 nmethod 6408 0x0000027c2d906310 code [0x0000027c2d9064c0, 0x0000027c2d907bb8]
Event: 388.518 Thread 0x0000027c39710f00 6407       4       org.springframework.security.crypto.bcrypt.BCrypt::streamtoword (17 bytes)
Event: 388.523 Thread 0x0000027c39710f00 nmethod 6407 0x0000027c2d8ff290 code [0x0000027c2d8ff400, 0x0000027c2d8ff618]
Event: 388.523 Thread 0x0000027c39710f00 6398       4       jdk.internal.misc.Unsafe::getIntUnaligned (12 bytes)
Event: 388.524 Thread 0x0000027c39710f00 nmethod 6398 0x0000027c2da22c90 code [0x0000027c2da22e00, 0x0000027c2da22e98]
Event: 388.524 Thread 0x0000027c39710f00 6409   !   4       java.lang.reflect.Executable::declaredAnnotations (85 bytes)
Event: 388.549 Thread 0x0000027c39716650 6410   !   3       org.apache.tomcat.util.net.NioEndpoint$Poller::timeout (500 bytes)

GC Heap History (20 events):
Event: 9.735 GC heap after
{Heap after GC invocations=9 (full 0):
 garbage-first heap   total 97280K, used 18161K [0x00000000c1400000, 0x0000000100000000)
  region size 1024K, 3 young (3072K), 3 survivors (3072K)
 Metaspace       used 30655K, committed 31040K, reserved 1081344K
  class space    used 3976K, committed 4160K, reserved 1048576K
}
Event: 10.908 GC heap before
{Heap before GC invocations=9 (full 0):
 garbage-first heap   total 97280K, used 36593K [0x00000000c1400000, 0x0000000100000000)
  region size 1024K, 22 young (22528K), 3 survivors (3072K)
 Metaspace       used 35554K, committed 35968K, reserved 1081344K
  class space    used 4723K, committed 4928K, reserved 1048576K
}
Event: 10.922 GC heap after
{Heap after GC invocations=10 (full 0):
 garbage-first heap   total 97280K, used 19252K [0x00000000c1400000, 0x0000000100000000)
  region size 1024K, 4 young (4096K), 4 survivors (4096K)
 Metaspace       used 35554K, committed 35968K, reserved 1081344K
  class space    used 4723K, committed 4928K, reserved 1048576K
}
Event: 13.106 GC heap before
{Heap before GC invocations=11 (full 0):
 garbage-first heap   total 71680K, used 58164K [0x00000000c1400000, 0x0000000100000000)
  region size 1024K, 42 young (43008K), 4 survivors (4096K)
 Metaspace       used 44871K, committed 45248K, reserved 1089536K
  class space    used 5943K, committed 6144K, reserved 1048576K
}
Event: 13.122 GC heap after
{Heap after GC invocations=12 (full 0):
 garbage-first heap   total 71680K, used 22328K [0x00000000c1400000, 0x0000000100000000)
  region size 1024K, 6 young (6144K), 6 survivors (6144K)
 Metaspace       used 44871K, committed 45248K, reserved 1089536K
  class space    used 5943K, committed 6144K, reserved 1048576K
}
Event: 13.164 GC heap before
{Heap before GC invocations=12 (full 0):
 garbage-first heap   total 71680K, used 22328K [0x00000000c1400000, 0x0000000100000000)
  region size 1024K, 7 young (7168K), 6 survivors (6144K)
 Metaspace       used 45507K, committed 45888K, reserved 1089536K
  class space    used 6001K, committed 6208K, reserved 1048576K
}
Event: 13.176 GC heap after
{Heap after GC invocations=13 (full 0):
 garbage-first heap   total 71680K, used 23086K [0x00000000c1400000, 0x0000000100000000)
  region size 1024K, 1 young (1024K), 1 survivors (1024K)
 Metaspace       used 45507K, committed 45888K, reserved 1089536K
  class space    used 6001K, committed 6208K, reserved 1048576K
}
Event: 14.284 GC heap before
{Heap before GC invocations=13 (full 0):
 garbage-first heap   total 71680K, used 54830K [0x00000000c1400000, 0x0000000100000000)
  region size 1024K, 32 young (32768K), 1 survivors (1024K)
 Metaspace       used 52489K, committed 52864K, reserved 1097728K
  class space    used 7188K, committed 7360K, reserved 1048576K
}
Event: 14.289 GC heap after
{Heap after GC invocations=14 (full 0):
 garbage-first heap   total 71680K, used 23356K [0x00000000c1400000, 0x0000000100000000)
  region size 1024K, 2 young (2048K), 2 survivors (2048K)
 Metaspace       used 52489K, committed 52864K, reserved 1097728K
  class space    used 7188K, committed 7360K, reserved 1048576K
}
Event: 15.550 GC heap before
{Heap before GC invocations=14 (full 0):
 garbage-first heap   total 71680K, used 55100K [0x00000000c1400000, 0x0000000100000000)
  region size 1024K, 33 young (33792K), 2 survivors (2048K)
 Metaspace       used 57625K, committed 58176K, reserved 1105920K
  class space    used 7860K, committed 8128K, reserved 1048576K
}
Event: 15.558 GC heap after
{Heap after GC invocations=15 (full 0):
 garbage-first heap   total 71680K, used 25622K [0x00000000c1400000, 0x0000000100000000)
  region size 1024K, 4 young (4096K), 4 survivors (4096K)
 Metaspace       used 57625K, committed 58176K, reserved 1105920K
  class space    used 7860K, committed 8128K, reserved 1048576K
}
Event: 16.115 GC heap before
{Heap before GC invocations=15 (full 0):
 garbage-first heap   total 71680K, used 55318K [0x00000000c1400000, 0x0000000100000000)
  region size 1024K, 33 young (33792K), 4 survivors (4096K)
 Metaspace       used 59837K, committed 60288K, reserved 1105920K
  class space    used 8156K, committed 8384K, reserved 1048576K
}
Event: 16.125 GC heap after
{Heap after GC invocations=16 (full 0):
 garbage-first heap   total 71680K, used 26459K [0x00000000c1400000, 0x0000000100000000)
  region size 1024K, 4 young (4096K), 4 survivors (4096K)
 Metaspace       used 59837K, committed 60288K, reserved 1105920K
  class space    used 8156K, committed 8384K, reserved 1048576K
}
Event: 16.150 GC heap before
{Heap before GC invocations=16 (full 0):
 garbage-first heap   total 71680K, used 28507K [0x00000000c1400000, 0x0000000100000000)
  region size 1024K, 7 young (7168K), 4 survivors (4096K)
 Metaspace       used 59854K, committed 60288K, reserved 1105920K
  class space    used 8157K, committed 8384K, reserved 1048576K
}
Event: 16.157 GC heap after
{Heap after GC invocations=17 (full 0):
 garbage-first heap   total 71680K, used 26724K [0x00000000c1400000, 0x0000000100000000)
  region size 1024K, 2 young (2048K), 2 survivors (2048K)
 Metaspace       used 59854K, committed 60288K, reserved 1105920K
  class space    used 8157K, committed 8384K, reserved 1048576K
}
Event: 16.903 GC heap before
{Heap before GC invocations=18 (full 0):
 garbage-first heap   total 71680K, used 58468K [0x00000000c1400000, 0x0000000100000000)
  region size 1024K, 33 young (33792K), 2 survivors (2048K)
 Metaspace       used 61773K, committed 62272K, reserved 1105920K
  class space    used 8478K, committed 8704K, reserved 1048576K
}
Event: 16.911 GC heap after
{Heap after GC invocations=19 (full 0):
 garbage-first heap   total 71680K, used 28450K [0x00000000c1400000, 0x0000000100000000)
  region size 1024K, 3 young (3072K), 3 survivors (3072K)
 Metaspace       used 61773K, committed 62272K, reserved 1105920K
  class space    used 8478K, committed 8704K, reserved 1048576K
}
Event: 16.945 GC heap before
{Heap before GC invocations=19 (full 0):
 garbage-first heap   total 71680K, used 29474K [0x00000000c1400000, 0x0000000100000000)
  region size 1024K, 4 young (4096K), 3 survivors (3072K)
 Metaspace       used 61889K, committed 62336K, reserved 1105920K
  class space    used 8499K, committed 8704K, reserved 1048576K
}
Event: 16.953 GC heap after
{Heap after GC invocations=20 (full 0):
 garbage-first heap   total 71680K, used 28621K [0x00000000c1400000, 0x0000000100000000)
  region size 1024K, 1 young (1024K), 1 survivors (1024K)
 Metaspace       used 61889K, committed 62336K, reserved 1105920K
  class space    used 8499K, committed 8704K, reserved 1048576K
}
Event: 388.557 GC heap before
{Heap before GC invocations=20 (full 0):
 garbage-first heap   total 71680K, used 58317K [0x00000000c1400000, 0x0000000100000000)
  region size 1024K, 30 young (30720K), 1 survivors (1024K)
 Metaspace       used 66782K, committed 67328K, reserved 1114112K
  class space    used 9144K, committed 9408K, reserved 1048576K
}

Deoptimization events (20 events):
Event: 388.483 Thread 0x0000027c3b28a520 DEOPT PACKING pc=0x0000027c26381b71 sp=0x00000091877faed0
Event: 388.483 Thread 0x0000027c3b28a520 DEOPT UNPACKING pc=0x0000027c25db2b43 sp=0x00000091877fa3b0 mode 0
Event: 388.484 Thread 0x0000027c3b28a520 DEOPT PACKING pc=0x0000027c26381b71 sp=0x00000091877faed0
Event: 388.484 Thread 0x0000027c3b28a520 DEOPT UNPACKING pc=0x0000027c25db2b43 sp=0x00000091877fa3b0 mode 0
Event: 388.486 Thread 0x0000027c3b28a520 DEOPT PACKING pc=0x0000027c26381b71 sp=0x00000091877faed0
Event: 388.486 Thread 0x0000027c3b28a520 DEOPT UNPACKING pc=0x0000027c25db2b43 sp=0x00000091877fa3b0 mode 0
Event: 388.489 Thread 0x0000027c3b28a520 DEOPT PACKING pc=0x0000027c26381b71 sp=0x00000091877faed0
Event: 388.489 Thread 0x0000027c3b28a520 DEOPT UNPACKING pc=0x0000027c25db2b43 sp=0x00000091877fa3b0 mode 0
Event: 388.490 Thread 0x0000027c3b28a520 DEOPT PACKING pc=0x0000027c26381b71 sp=0x00000091877faed0
Event: 388.490 Thread 0x0000027c3b28a520 DEOPT UNPACKING pc=0x0000027c25db2b43 sp=0x00000091877fa3b0 mode 0
Event: 388.491 Thread 0x0000027c3b28a520 DEOPT PACKING pc=0x0000027c26381b71 sp=0x00000091877faed0
Event: 388.491 Thread 0x0000027c3b28a520 DEOPT UNPACKING pc=0x0000027c25db2b43 sp=0x00000091877fa3b0 mode 0
Event: 388.493 Thread 0x0000027c3b28a520 DEOPT PACKING pc=0x0000027c26381b71 sp=0x00000091877faed0
Event: 388.493 Thread 0x0000027c3b28a520 DEOPT UNPACKING pc=0x0000027c25db2b43 sp=0x00000091877fa3b0 mode 0
Event: 388.494 Thread 0x0000027c3b28a520 DEOPT PACKING pc=0x0000027c26381b71 sp=0x00000091877faed0
Event: 388.494 Thread 0x0000027c3b28a520 DEOPT UNPACKING pc=0x0000027c25db2b43 sp=0x00000091877fa3b0 mode 0
Event: 388.495 Thread 0x0000027c3b28a520 DEOPT PACKING pc=0x0000027c26381b71 sp=0x00000091877faed0
Event: 388.496 Thread 0x0000027c3b28a520 DEOPT UNPACKING pc=0x0000027c25db2b43 sp=0x00000091877fa3b0 mode 0
Event: 388.497 Thread 0x0000027c3b28a520 DEOPT PACKING pc=0x0000027c26381b71 sp=0x00000091877faed0
Event: 388.497 Thread 0x0000027c3b28a520 DEOPT UNPACKING pc=0x0000027c25db2b43 sp=0x00000091877fa3b0 mode 0

Classes unloaded (0 events):
No events

Classes redefined (0 events):
No events

Internal exceptions (20 events):
Event: 16.139 Thread 0x0000027c1e4eb170 Exception <a 'java/lang/reflect/InvocationTargetException'{0x00000000c5fa5478}> (0x00000000c5fa5478) 
thrown [s\open\src\hotspot\share\runtime\reflection.cpp, line 1121]
Event: 16.141 Thread 0x0000027c1e4eb170 Exception <a 'java/lang/reflect/InvocationTargetException'{0x00000000c5fb2f48}> (0x00000000c5fb2f48) 
thrown [s\open\src\hotspot\share\runtime\reflection.cpp, line 1121]
Event: 16.144 Thread 0x0000027c1e4eb170 Exception <a 'java/lang/reflect/InvocationTargetException'{0x00000000c5fc23a8}> (0x00000000c5fc23a8) 
thrown [s\open\src\hotspot\share\runtime\reflection.cpp, line 1121]
Event: 16.147 Thread 0x0000027c1e4eb170 Exception <a 'java/lang/reflect/InvocationTargetException'{0x00000000c5fce900}> (0x00000000c5fce900) 
thrown [s\open\src\hotspot\share\runtime\reflection.cpp, line 1121]
Event: 16.232 Thread 0x0000027c1e4eb170 Exception <a 'java/lang/reflect/InvocationTargetException'{0x00000000c4e6d1f8}> (0x00000000c4e6d1f8) 
thrown [s\open\src\hotspot\share\runtime\reflection.cpp, line 1121]
Event: 16.235 Thread 0x0000027c1e4eb170 Exception <a 'java/lang/reflect/InvocationTargetException'{0x00000000c4e79930}> (0x00000000c4e79930) 
thrown [s\open\src\hotspot\share\runtime\reflection.cpp, line 1121]
Event: 16.238 Thread 0x0000027c1e4eb170 Exception <a 'java/lang/reflect/InvocationTargetException'{0x00000000c4e85ca8}> (0x00000000c4e85ca8) 
thrown [s\open\src\hotspot\share\runtime\reflection.cpp, line 1121]
Event: 16.241 Thread 0x0000027c1e4eb170 Exception <a 'java/lang/reflect/InvocationTargetException'{0x00000000c4e93198}> (0x00000000c4e93198) 
thrown [s\open\src\hotspot\share\runtime\reflection.cpp, line 1121]
Event: 16.243 Thread 0x0000027c1e4eb170 Exception <a 'java/lang/reflect/InvocationTargetException'{0x00000000c4e9dfd0}> (0x00000000c4e9dfd0) 
thrown [s\open\src\hotspot\share\runtime\reflection.cpp, line 1121]
Event: 16.871 Thread 0x0000027c1e4eb170 Exception <a 'java/lang/IncompatibleClassChangeError'{0x00000000c3adb3e8}: Found class java.lang.Object, but interface was expected> (0x00000000c3adb3e8) 
thrown [s\open\src\hotspot\share\interpreter\linkResolver.cpp, line 826]
Event: 17.047 Thread 0x0000027c1e4eb170 Exception <a 'java/lang/NoSuchMethodError'{0x00000000c5d82588}: 'void java.lang.invoke.DirectMethodHandle$Holder.invokeVirtual(java.lang.Object, java.lang.Object, int)'> (0x00000000c5d82588) 
thrown [s\open\src\hotspot\share\interpreter\linkResolver.cpp, line 759]
Event: 17.050 Thread 0x0000027c1e4eb170 Exception <a 'java/lang/NoSuchMethodError'{0x00000000c5d9d1b0}: 'void java.lang.invoke.DirectMethodHandle$Holder.invokeVirtual(java.lang.Object, java.lang.Object, long)'> (0x00000000c5d9d1b0) 
thrown [s\open\src\hotspot\share\interpreter\linkResolver.cpp, line 759]
Event: 17.153 Thread 0x0000027c1e4eb170 Exception <a 'java/lang/NoSuchMethodError'{0x00000000c521a388}: 'int java.lang.invoke.DirectMethodHandle$Holder.invokeStaticInit(java.lang.Object, java.lang.Object, java.lang.Object, java.lang.Object)'> (0x00000000c521a388) 
thrown [s\open\src\hotspot\share\interpreter\linkResolver.cpp, line 759]
Event: 17.209 Thread 0x0000027c1e4eb170 Implicit null exception at 0x0000027c2d961f3a to 0x0000027c2d962130
Event: 17.301 Thread 0x0000027c1e4eb170 Exception <a 'java/lang/NoSuchMethodError'{0x00000000c4e2cac8}: 'java.lang.Object java.lang.invoke.DirectMethodHandle$Holder.newInvokeSpecial(java.lang.Object, java.lang.Object, int, java.lang.Object, java.lang.Object)'> (0x00000000c4e2cac8) 
thrown [s\open\src\hotspot\share\interpreter\linkResolver.cpp, line 759]
Event: 17.303 Thread 0x0000027c1e4eb170 Exception <a 'java/lang/NoSuchMethodError'{0x00000000c4e37e58}: 'java.lang.Object java.lang.invoke.DirectMethodHandle$Holder.invokeSpecial(java.lang.Object, java.lang.Object, int, java.lang.Object, int, java.lang.Object)'> (0x00000000c4e37e58) 
thrown [s\open\src\hotspot\share\interpreter\linkResolver.cpp, line 759]
Event: 17.304 Thread 0x0000027c1e4eb170 Exception <a 'java/lang/NoSuchMethodError'{0x00000000c4e3fbd0}: 'java.lang.Object java.lang.invoke.DirectMethodHandle$Holder.newInvokeSpecial(java.lang.Object, java.lang.Object, int, java.lang.Object, int)'> (0x00000000c4e3fbd0) 
thrown [s\open\src\hotspot\share\interpreter\linkResolver.cpp, line 759]
Event: 17.305 Thread 0x0000027c1e4eb170 Exception <a 'java/lang/NoSuchMethodError'{0x00000000c4e43cd0}: 'java.lang.Object java.lang.invoke.DirectMethodHandle$Holder.invokeSpecial(java.lang.Object, java.lang.Object, java.lang.Object, int, java.lang.Object, int)'> (0x00000000c4e43cd0) 
thrown [s\open\src\hotspot\share\interpreter\linkResolver.cpp, line 759]
Event: 369.540 Thread 0x0000027c3b28a520 Exception <a 'java/lang/NoSuchMethodError'{0x00000000c497c180}: 'java.lang.Object java.lang.invoke.DirectMethodHandle$Holder.invokeSpecial(java.lang.Object, java.lang.Object, java.lang.Object, java.lang.Object, java.lang.Object, long)'> (0x00000000c497c180) 
thrown [s\open\src\hotspot\share\interpreter\linkResolver.cpp, line 759]
Event: 369.543 Thread 0x0000027c3b28a520 Exception <a 'java/lang/NoSuchMethodError'{0x00000000c497fbc0}: 'java.lang.Object java.lang.invoke.Invokers$Holder.linkToTargetMethod(java.lang.Object, java.lang.Object, java.lang.Object, long, java.lang.Object)'> (0x00000000c497fbc0) 
thrown [s\open\src\hotspot\share\interpreter\linkResolver.cpp, line 759]

VM Operations (20 events):
Event: 369.724 Executing VM operation: HandshakeAllThreads done
Event: 370.724 Executing VM operation: Cleanup
Event: 370.725 Executing VM operation: Cleanup done
Event: 371.034 Executing VM operation: HandshakeAllThreads
Event: 371.034 Executing VM operation: HandshakeAllThreads done
Event: 372.035 Executing VM operation: Cleanup
Event: 372.035 Executing VM operation: Cleanup done
Event: 381.090 Executing VM operation: Cleanup
Event: 381.090 Executing VM operation: Cleanup done
Event: 383.100 Executing VM operation: Cleanup
Event: 383.100 Executing VM operation: Cleanup done
Event: 384.112 Executing VM operation: Cleanup
Event: 384.112 Executing VM operation: Cleanup done
Event: 385.117 Executing VM operation: Cleanup
Event: 385.117 Executing VM operation: Cleanup done
Event: 387.844 Executing VM operation: HandshakeAllThreads
Event: 387.844 Executing VM operation: HandshakeAllThreads done
Event: 387.844 Executing VM operation: Cleanup
Event: 387.844 Executing VM operation: Cleanup done
Event: 388.554 Executing VM operation: G1CollectForAllocation

Events (20 events):
Event: 371.060 loading class javax/crypto/Mac
Event: 371.060 loading class javax/crypto/Mac done
Event: 371.064 loading class com/sun/crypto/provider/HmacCore$HmacSHA256
Event: 371.065 loading class com/sun/crypto/provider/HmacCore
Event: 371.066 loading class javax/crypto/MacSpi
Event: 371.066 loading class javax/crypto/MacSpi done
Event: 371.066 loading class com/sun/crypto/provider/HmacCore done
Event: 371.066 loading class com/sun/crypto/provider/HmacCore$HmacSHA256 done
Event: 382.311 loading class jdk/internal/access/foreign/MemorySegmentProxy
Event: 382.312 loading class jdk/internal/access/foreign/MemorySegmentProxy done
Event: 388.004 loading class java/time/format/DateTimeFormatterBuilder$ZoneTextPrinterParser
Event: 388.007 loading class java/time/format/DateTimeFormatterBuilder$ZoneTextPrinterParser done
Event: 388.008 loading class java/time/format/DateTimeFormatterBuilder$ReducedPrinterParser
Event: 388.009 loading class java/time/format/DateTimeFormatterBuilder$ReducedPrinterParser done
Event: 388.030 loading class java/io/PushbackInputStream
Event: 388.031 loading class java/io/PushbackInputStream done
Event: 388.054 loading class org/w3c/dom/Node
Event: 388.056 loading class org/w3c/dom/Node done
Event: 388.056 loading class org/w3c/dom/Document
Event: 388.057 loading class org/w3c/dom/Document done


Dynamic libraries:
0x00007ff66e410000 - 0x00007ff66e420000 	C:\Program Files\Java\jdk-17.0.5\bin\java.exe
0x00007ff8fdcf0000 - 0x00007ff8fdee6000 	C:\WINDOWS\SYSTEM32\ntdll.dll
0x00007ff8fcf60000 - 0x00007ff8fd01d000 	C:\WINDOWS\System32\KERNEL32.DLL
0x00007ff8fb4f0000 - 0x00007ff8fb7b8000 	C:\WINDOWS\System32\KERNELBASE.dll
0x00007ff8fbc90000 - 0x00007ff8fbd90000 	C:\WINDOWS\System32\ucrtbase.dll
0x00007ff8f3a20000 - 0x00007ff8f3a3a000 	C:\Program Files\Java\jdk-17.0.5\bin\VCRUNTIME140.dll
0x00007ff8f3a40000 - 0x00007ff8f3a58000 	C:\Program Files\Java\jdk-17.0.5\bin\jli.dll
0x00007ff8fceb0000 - 0x00007ff8fcf5c000 	C:\WINDOWS\System32\ADVAPI32.dll
0x00007ff8fd5a0000 - 0x00007ff8fd63e000 	C:\WINDOWS\System32\msvcrt.dll
0x00007ff8fbdf0000 - 0x00007ff8fbe8b000 	C:\WINDOWS\System32\sechost.dll
0x00007ff8fd0e0000 - 0x00007ff8fd204000 	C:\WINDOWS\System32\RPCRT4.dll
0x00007ff8ed3c0000 - 0x00007ff8ed65b000 	C:\WINDOWS\WinSxS\amd64_microsoft.windows.common-controls_6595b64144ccf1df_6.0.19041.488_none_ca04af081b815d21\COMCTL32.dll
0x00007ff8fd0b0000 - 0x00007ff8fd0da000 	C:\WINDOWS\System32\GDI32.dll
0x00007ff8fb4c0000 - 0x00007ff8fb4e2000 	C:\WINDOWS\System32\win32u.dll
0x00007ff8fbb20000 - 0x00007ff8fbc29000 	C:\WINDOWS\System32\gdi32full.dll
0x00007ff8fba80000 - 0x00007ff8fbb1d000 	C:\WINDOWS\System32\msvcp_win.dll
0x00007ff8fc8a0000 - 0x00007ff8fca40000 	C:\WINDOWS\System32\USER32.dll
0x00007ff8f3110000 - 0x00007ff8f311a000 	C:\WINDOWS\SYSTEM32\VERSION.dll
0x00007ff8fd570000 - 0x00007ff8fd5a0000 	C:\WINDOWS\System32\IMM32.DLL
0x00007ff8f60a0000 - 0x00007ff8f60ac000 	C:\Program Files\Java\jdk-17.0.5\bin\vcruntime140_1.dll
0x00007ff8f3990000 - 0x00007ff8f3a1d000 	C:\Program Files\Java\jdk-17.0.5\bin\msvcp140.dll
0x00007ff898760000 - 0x00007ff899322000 	C:\Program Files\Java\jdk-17.0.5\bin\server\jvm.dll
0x00007ff8fd020000 - 0x00007ff8fd028000 	C:\WINDOWS\System32\PSAPI.DLL
0x00007ff8e21e0000 - 0x00007ff8e21e9000 	C:\WINDOWS\SYSTEM32\WSOCK32.dll
0x00007ff8fd6a0000 - 0x00007ff8fd70b000 	C:\WINDOWS\System32\WS2_32.dll
0x00007ff8efb60000 - 0x00007ff8efb87000 	C:\WINDOWS\SYSTEM32\WINMM.dll
0x00007ff8f93d0000 - 0x00007ff8f93e2000 	C:\WINDOWS\SYSTEM32\kernel.appcore.dll
0x00007ff8f59f0000 - 0x00007ff8f59fa000 	C:\Program Files\Java\jdk-17.0.5\bin\jimage.dll
0x00007ff8eb7c0000 - 0x00007ff8eb9a4000 	C:\WINDOWS\SYSTEM32\DBGHELP.DLL
0x00007ff8eb770000 - 0x00007ff8eb79c000 	C:\WINDOWS\SYSTEM32\dbgcore.DLL
0x00007ff8fba00000 - 0x00007ff8fba7f000 	C:\WINDOWS\System32\bcryptPrimitives.dll
0x00007ff8f7370000 - 0x00007ff8f737e000 	C:\Program Files\Java\jdk-17.0.5\bin\instrument.dll
0x00007ff8f3960000 - 0x00007ff8f3985000 	C:\Program Files\Java\jdk-17.0.5\bin\java.dll
0x00007ff8f3880000 - 0x00007ff8f3956000 	C:\Program Files\Java\jdk-17.0.5\bin\jsvml.dll
0x00007ff8fc0f0000 - 0x00007ff8fc831000 	C:\WINDOWS\System32\SHELL32.dll
0x00007ff8f95d0000 - 0x00007ff8f9d65000 	C:\WINDOWS\SYSTEM32\windows.storage.dll
0x00007ff8fd210000 - 0x00007ff8fd565000 	C:\WINDOWS\System32\combase.dll
0x00007ff8fae60000 - 0x00007ff8fae8c000 	C:\WINDOWS\SYSTEM32\Wldp.dll
0x00007ff8fce00000 - 0x00007ff8fceae000 	C:\WINDOWS\System32\SHCORE.dll
0x00007ff8fc840000 - 0x00007ff8fc895000 	C:\WINDOWS\System32\shlwapi.dll
0x00007ff8fb3f0000 - 0x00007ff8fb416000 	C:\WINDOWS\SYSTEM32\profapi.dll
0x00007ff8f3820000 - 0x00007ff8f3838000 	C:\Program Files\Java\jdk-17.0.5\bin\zip.dll
0x00007ff8f3860000 - 0x00007ff8f3879000 	C:\Program Files\Java\jdk-17.0.5\bin\net.dll
0x00007ff8ed0c0000 - 0x00007ff8ed1c0000 	C:\WINDOWS\SYSTEM32\WINHTTP.dll
0x00007ff8fac50000 - 0x00007ff8facba000 	C:\WINDOWS\system32\mswsock.dll
0x00007ff8f3840000 - 0x00007ff8f3856000 	C:\Program Files\Java\jdk-17.0.5\bin\nio.dll
0x00007ff8f7070000 - 0x00007ff8f708a000 	C:\Program Files\JetBrains\IntelliJ IDEA Community Edition 2022.3.2\bin\breakgen64.dll
0x00007ff8f3b90000 - 0x00007ff8f3ba0000 	C:\Program Files\Java\jdk-17.0.5\bin\verify.dll
0x00007ff8fb190000 - 0x00007ff8fb1a8000 	C:\WINDOWS\SYSTEM32\CRYPTSP.dll
0x00007ff8fa590000 - 0x00007ff8fa5c4000 	C:\WINDOWS\system32\rsaenh.dll
0x00007ff8fb870000 - 0x00007ff8fb897000 	C:\WINDOWS\System32\bcrypt.dll
0x00007ff8fb3b0000 - 0x00007ff8fb3de000 	C:\WINDOWS\SYSTEM32\USERENV.dll
0x00007ff8fadd0000 - 0x00007ff8faddc000 	C:\WINDOWS\SYSTEM32\CRYPTBASE.dll
0x00007ff8fa910000 - 0x00007ff8fa94b000 	C:\WINDOWS\SYSTEM32\IPHLPAPI.DLL
0x00007ff8fbde0000 - 0x00007ff8fbde8000 	C:\WINDOWS\System32\NSI.dll
0x00007ff8eff00000 - 0x00007ff8eff17000 	C:\WINDOWS\SYSTEM32\dhcpcsvc6.DLL
0x00007ff8f3230000 - 0x00007ff8f324d000 	C:\WINDOWS\SYSTEM32\dhcpcsvc.DLL
0x00007ff8fa960000 - 0x00007ff8faa2b000 	C:\WINDOWS\SYSTEM32\DNSAPI.dll
0x00007ff8f5a40000 - 0x00007ff8f5a4e000 	C:\Program Files\Java\jdk-17.0.5\bin\sunmscapi.dll
0x00007ff8fb8a0000 - 0x00007ff8fb9fd000 	C:\WINDOWS\System32\CRYPT32.dll
0x00007ff8faed0000 - 0x00007ff8faef7000 	C:\WINDOWS\SYSTEM32\ncrypt.dll
0x00007ff8fae90000 - 0x00007ff8faecb000 	C:\WINDOWS\SYSTEM32\NTASN1.dll
0x00007ff8f6090000 - 0x00007ff8f6099000 	C:\Program Files\Java\jdk-17.0.5\bin\management.dll
0x00007ff8f5a60000 - 0x00007ff8f5a6b000 	C:\Program Files\Java\jdk-17.0.5\bin\management_ext.dll
0x00007ff8ec0e0000 - 0x00007ff8ec0ea000 	C:\Windows\System32\rasadhlp.dll
0x00007ff8eea60000 - 0x00007ff8eeadf000 	C:\WINDOWS\System32\fwpuclnt.dll
0x00007ff8ece50000 - 0x00007ff8ece57000 	C:\WINDOWS\system32\wshunix.dll

dbghelp: loaded successfully - version: 4.0.5 - missing functions: none
symbol engine: initialized successfully - sym options: 0x614 - pdb path: .;C:\Program Files\Java\jdk-17.0.5\bin;C:\WINDOWS\SYSTEM32;C:\WINDOWS\WinSxS\amd64_microsoft.windows.common-controls_6595b64144ccf1df_6.0.19041.488_none_ca04af081b815d21;C:\Program Files\Java\jdk-17.0.5\bin\server;C:\Program Files\JetBrains\IntelliJ IDEA Community Edition 2022.3.2\bin

VM Arguments:
jvm_args: -javaagent:C:\Program Files\JetBrains\IntelliJ IDEA Community Edition 2022.3.2\lib\idea_rt.jar=50165:C:\Program Files\JetBrains\IntelliJ IDEA Community Edition 2022.3.2\bin -Dfile.encoding=UTF-8 
java_command: rs.fon.studentska_sluzba.StudentskaSluzbaApplication
java_class_path (initial): E:\xampp\htdocs\studentska-sluzba\backend\target\classes;C:\Users\Milan\.m2\repository\org\springframework\boot\spring-boot-starter-security\3.0.2\spring-boot-starter-security-3.0.2.jar;C:\Users\Milan\.m2\repository\org\springframework\boot\spring-boot-starter\3.0.2\spring-boot-starter-3.0.2.jar;C:\Users\Milan\.m2\repository\org\springframework\boot\spring-boot\3.0.2\spring-boot-3.0.2.jar;C:\Users\Milan\.m2\repository\org\springframework\boot\spring-boot-autoconfigure\3.0.2\spring-boot-autoconfigure-3.0.2.jar;C:\Users\Milan\.m2\repository\org\springframework\boot\spring-boot-starter-logging\3.0.2\spring-boot-starter-logging-3.0.2.jar;C:\Users\Milan\.m2\repository\ch\qos\logback\logback-classic\1.4.5\logback-classic-1.4.5.jar;C:\Users\Milan\.m2\repository\ch\qos\logback\logback-core\1.4.5\logback-core-1.4.5.jar;C:\Users\Milan\.m2\repository\org\apache\logging\log4j\log4j-to-slf4j\2.19.0\log4j-to-slf4j-2.19.0.jar;C:\Users\Milan\.m2\repository\org\apache\logging\log4j\log4j-api\2.19.0\log4j-api-2.19.0.jar;C:\Users\Milan\.m2\repository\org\slf4j\jul-to-slf4j\2.0.6\jul-to-slf4j-2.0.6.jar;C:\Users\Milan\.m2\repository\jakarta\annotation\jakarta.annotation-api\2.1.1\jakarta.annotation-api-2.1.1.jar;C:\Users\Milan\.m2\repository\org\yaml\snakeyaml\1.33\snakeyaml-1.33.jar;C:\Users\Milan\.m2\repository\org\springframework\spring-aop\6.0.4\spring-aop-6.0.4.jar;C:\Users\Milan\.m2\repository\org\springframework\spring-beans\6.0.4\spring-beans-6.0.4.jar;C:\Users\Milan\.m2\repository\org\springframework\security\spring-security-config\6.0.1\spring-security-config-6.0.1.jar;C:\Users\Milan\.m2\repository\org\springframework\spring-context\6.0.4\spring-context-6.0.4.jar;C:\Users\Milan\.m2\repository\org\springframework\security\spring-security-web\6.0.1\spring-security-web-6.0.1.jar;C:\Users\Milan\.m2\repository\org\springframework\spring-expression\6.0.4\spring-expression-6.0.4.jar;C:\Users\Milan\.m2\repository\org\springframework\boot\spring-boot-starte
Launcher Type: SUN_STANDARD

[Global flags]
     intx CICompilerCount                          = 3                                         {product} {ergonomic}
     uint ConcGCThreads                            = 1                                         {product} {ergonomic}
     uint G1ConcRefinementThreads                  = 4                                         {product} {ergonomic}
   size_t G1HeapRegionSize                         = 1048576                                   {product} {ergonomic}
    uintx GCDrainStackTargetSize                   = 64                                        {product} {ergonomic}
   size_t InitialHeapSize                          = 67108864                                  {product} {ergonomic}
   size_t MarkStackSize                            = 4194304                                   {product} {ergonomic}
   size_t MaxHeapSize                              = 1052770304                                {product} {ergonomic}
   size_t MaxNewSize                               = 631242752                                 {product} {ergonomic}
   size_t MinHeapDeltaBytes                        = 1048576                                   {product} {ergonomic}
   size_t MinHeapSize                              = 8388608                                   {product} {ergonomic}
    uintx NonNMethodCodeHeapSize                   = 5832780                                {pd product} {ergonomic}
    uintx NonProfiledCodeHeapSize                  = 122912730                              {pd product} {ergonomic}
    uintx ProfiledCodeHeapSize                     = 122912730                              {pd product} {ergonomic}
    uintx ReservedCodeCacheSize                    = 251658240                              {pd product} {ergonomic}
     bool SegmentedCodeCache                       = true                                      {product} {ergonomic}
   size_t SoftMaxHeapSize                          = 1052770304                             {manageable} {ergonomic}
     bool UseCompressedClassPointers               = true                           {product lp64_product} {ergonomic}
     bool UseCompressedOops                        = true                           {product lp64_product} {ergonomic}
     bool UseG1GC                                  = true                                      {product} {ergonomic}
     bool UseLargePagesIndividualAllocation        = false                                  {pd product} {ergonomic}

Logging:
Log output configuration:
 #0: stdout all=warning uptime,level,tags
 #1: stderr all=off uptime,level,tags

Environment Variables:
JAVA_HOME=E:\Java\jdk1.8.0_261
PATH=C:\Program Files\Common Files\Oracle\Java\javapath;E:\app\Milan\product\21c\dbhomeXE\bin;C:\app\Milan\product\11.2.0\dbhome_1\bin;E:\app\Milan\product\11.2.0\dbhome_1\bin;C:\ProgramData\Oracle\Java\javapath;C:\Program Files (x86)\Common Files\Oracle\Java\javapath;C:\WINDOWS\system32;C:\WINDOWS;C:\WINDOWS\System32\Wbem;C:\WINDOWS\System32\WindowsPowerShell\v1.0\;C:\Program Files\Microsoft SQL Server\Client SDK\ODBC\170\Tools\Binn\;C:\Program Files (x86)\Microsoft SQL Server\150\Tools\Binn\;C:\Program Files\Microsoft SQL Server\150\Tools\Binn\;C:\Program Files\Microsoft SQL Server\150\DTS\Binn\;C:\Users\Milan\AppData\Roaming\Microsoft\Windows\Start Menu\Programs\Python 3.8;C:\Program Files\Git\cmd;C:\Program Files\nodejs\;C:\WINDOWS\System32\OpenSSH\;C:\xampp\php;C:\ProgramData\ComposerSetup\bin;E:\hadoop-env\hadoop;E:\hadoop-env\hadoop\sbin;E:\Java\jdk1.8.0_261\bin;E:\hadoop-env\hadoop\bin;E:\hadoop-env\apache-hive-3.1.2\bin;E:\hadoop-env\db-derby-10.14.2.0\bin;C:\Program Files\dotnet\;E:\Program Files\GitHub CLI\;C:\Program Files\Docker\Docker\resources\bin;C:\Program Files\MySQL\MySQL Shell 8.0\bin\;C:\Users\Milan\AppData\Local\Programs\Python\Python38\Scripts\;C:\Users\Milan\AppData\Local\Programs\Python\Python38\;C:\Users\Milan\AppData\Local\Programs\Microsoft VS Code\bin;C:\Users\Milan\AppData\Roaming\npm;C:\Users\Milan\AppData\Local\Microsoft\WindowsApps;C:\Users\Milan\AppData\Roaming\Composer\vendor\bin;E:\hadoop-env\hadoop\bin;E:\Java\jdk1.8.0_261\bin;C:\Users\Milan\.dotnet\tools;E:\xampp\php;C:\Program Files\MySQL\MySQL Server 8.0\bin;;C:\Program Files\JetBrains\IntelliJ IDEA Community Edition 2022.3.2\bin;
USERNAME=Milan
OS=Windows_NT
PROCESSOR_IDENTIFIER=Intel64 Family 6 Model 61 Stepping 4, GenuineIntel



---------------  S Y S T E M  ---------------

OS:
 Windows 10 , 64 bit Build 19041 (10.0.19041.546)
OS uptime: 0 days 0:20 hours
Hyper-V role detected

CPU: total 4 (initial active 4) (2 cores per cpu, 2 threads per core) family 6 model 61 stepping 4 microcode 0x2d, cx8, cmov, fxsr, ht, mmx, 3dnowpref, sse, sse2, sse3, ssse3, sse4.1, sse4.2, popcnt, lzcnt, tsc, tscinvbit, avx, avx2, aes, erms, clmul, bmi1, bmi2, adx, fma, vzeroupper, clflush, hv

Memory: 4k page, system-wide physical 4015M (377M free)
TotalPageFile size 9587M (AvailPageFile size 37M)
current process WorkingSet (physical memory assigned to process): 137M, peak: 245M
current process commit charge ("private bytes"): 292M, peak: 337M

vm_info: Java HotSpot(TM) 64-Bit Server VM (17.0.5+9-LTS-191) for windows-amd64 JRE (17.0.5+9-LTS-191), built on Sep 13 2022 17:31:43 by "mach5one" with MS VC++ 16.8 / 16.9 (VS2019)

END.
