#
# There is insufficient memory for the Java Runtime Environment to continue.
# Native memory allocation (mmap) failed to map 67108864 bytes for G1 virtual space
# Possible reasons:
#   The system is out of physical RAM or swap space
#   The process is running with CompressedOops enabled, and the Java Heap may be blocking the growth of the native heap
# Possible solutions:
#   Reduce memory load on the system
#   Increase physical memory or swap space
#   Check if swap backing store is full
#   Decrease Java heap size (-Xmx/-Xms)
#   Decrease number of Java threads
#   Decrease Java thread stack sizes (-Xss)
#   Set larger code cache with -XX:ReservedCodeCacheSize=
#   JVM is running with Unscaled Compressed Oops mode in which the Java heap is
#     placed in the first 4GB address space. The Java Heap base address is the
#     maximum limit for the native heap growth. Please use -XX:HeapBaseMinAddress
#     to set the Java Heap base and to place the Java Heap above 4GB virtual address.
# This output file may be truncated or incomplete.
#
#  Out of Memory Error (os_windows.cpp:3541), pid=12764, tid=3228
#
# JRE version:  (17.0.5+9) (build )
# Java VM: Java HotSpot(TM) 64-Bit Server VM (17.0.5+9-LTS-191, mixed mode, sharing, tiered, compressed oops, compressed class ptrs, g1 gc, windows-amd64)
# No core dump will be written. Minidumps are not enabled by default on client versions of Windows
#

---------------  S U M M A R Y ------------

Command Line: -agentlib:jdwp=transport=dt_socket,address=127.0.0.1:51994,suspend=y,server=n -javaagent:C:\Users\Milan\AppData\Local\JetBrains\IdeaIC2022.3\captureAgent\debugger-agent.jar -Dfile.encoding=UTF-8 rs.fon.studentska_sluzba.StudentskaSluzbaApplication

Host: Intel(R) Core(TM) i3-5005U CPU @ 2.00GHz, 4 cores, 3G,  Windows 10 , 64 bit Build 19041 (10.0.19041.546)
Time: Thu Feb  9 19:32:51 2023 Central Europe Standard Time elapsed time: 0.045881 seconds (0d 0h 0m 0s)

---------------  T H R E A D  ---------------

Current thread (0x00000225ac91e1c0):  JavaThread "Unknown thread" [_thread_in_vm, id=3228, stack(0x000000d305600000,0x000000d305700000)]

Stack: [0x000000d305600000,0x000000d305700000]
Native frames: (J=compiled Java code, j=interpreted, Vv=VM code, C=native code)
V  [jvm.dll+0x672eea]
V  [jvm.dll+0x7d2a04]
V  [jvm.dll+0x7d41ae]
V  [jvm.dll+0x7d4813]
V  [jvm.dll+0x242c15]
V  [jvm.dll+0x66fe09]
V  [jvm.dll+0x664682]
V  [jvm.dll+0x300e8b]
V  [jvm.dll+0x308426]
V  [jvm.dll+0x357ffe]
V  [jvm.dll+0x35822f]
V  [jvm.dll+0x2d80a8]
V  [jvm.dll+0x2d9014]
V  [jvm.dll+0x7a44e1]
V  [jvm.dll+0x365df1]
V  [jvm.dll+0x7838fc]
V  [jvm.dll+0x3e873f]
V  [jvm.dll+0x3ea1e1]
C  [jli.dll+0x527b]
C  [ucrtbase.dll+0x214c2]
C  [KERNEL32.DLL+0x17034]
C  [ntdll.dll+0x4cec1]


---------------  P R O C E S S  ---------------

Threads class SMR info:
_java_thread_list=0x00007ff85bc0a8d8, length=0, elements={
}

Java Threads: ( => current thread )

Other Threads:
  0x00000225ac95a540 GCTaskThread "GC Thread#0" [stack: 0x000000d305700000,0x000000d305800000] [id=13932]
  0x00000225ac963200 ConcurrentGCThread "G1 Main Marker" [stack: 0x000000d305800000,0x000000d305900000] [id=1580]
  0x00000225ac9643b0 ConcurrentGCThread "G1 Conc#0" [stack: 0x000000d305900000,0x000000d305a00000] [id=10412]

[error occurred during error reporting (printing all threads), id 0xc0000005, EXCEPTION_ACCESS_VIOLATION (0xc0000005) at pc=0x00007ff85b458a97]

VM state: not at safepoint (not fully initialized)

VM Mutex/Monitor currently owned by a thread:  ([mutex/lock_event])
[0x00000225ac916ea0] Heap_lock - owner thread: 0x00000225ac91e1c0

Heap address: 0x00000000c1400000, size: 1004 MB, Compressed Oops mode: 32-bit

CDS archive(s) mapped at: [0x0000000000000000-0x0000000000000000-0x0000000000000000), size 0, SharedBaseAddress: 0x0000000800000000, ArchiveRelocationMode: 0.
Narrow klass base: 0x0000000000000000, Narrow klass shift: 0, Narrow klass range: 0x0

GC Precious Log:
<Empty>

Heap:
 garbage-first heap   total 0K, used 0K [0x00000000c1400000, 0x0000000100000000)
  region size 1024K, 0 young (0K), 0 survivors (0K)

[error occurred during error reporting (printing heap information), id 0xc0000005, EXCEPTION_ACCESS_VIOLATION (0xc0000005) at pc=0x00007ff85b83c399]

GC Heap History (0 events):
No events

Deoptimization events (0 events):
No events

Classes unloaded (0 events):
No events

Classes redefined (0 events):
No events

Internal exceptions (0 events):
No events

VM Operations (0 events):
No events

Events (2 events):
Event: 0.034 Loaded shared library C:\Program Files\Java\jdk-17.0.5\bin\java.dll
Event: 0.036 Loaded shared library C:\Program Files\Java\jdk-17.0.5\bin\zip.dll


Dynamic libraries:
0x00007ff78da90000 - 0x00007ff78daa0000 	C:\Program Files\Java\jdk-17.0.5\bin\java.exe
0x00007ff8c37f0000 - 0x00007ff8c39e6000 	C:\WINDOWS\SYSTEM32\ntdll.dll
0x00007ff8c2760000 - 0x00007ff8c281d000 	C:\WINDOWS\System32\KERNEL32.DLL
0x00007ff8c0fc0000 - 0x00007ff8c1288000 	C:\WINDOWS\System32\KERNELBASE.dll
0x00007ff8c1580000 - 0x00007ff8c1680000 	C:\WINDOWS\System32\ucrtbase.dll
0x00007ff8a5410000 - 0x00007ff8a542a000 	C:\Program Files\Java\jdk-17.0.5\bin\VCRUNTIME140.dll
0x00007ff8a6bc0000 - 0x00007ff8a6bd8000 	C:\Program Files\Java\jdk-17.0.5\bin\jli.dll
0x00007ff8c1d20000 - 0x00007ff8c1dcc000 	C:\WINDOWS\System32\ADVAPI32.dll
0x00007ff8c2430000 - 0x00007ff8c24ce000 	C:\WINDOWS\System32\msvcrt.dll
0x00007ff8c1ad0000 - 0x00007ff8c1b6b000 	C:\WINDOWS\System32\sechost.dll
0x00007ff8c28d0000 - 0x00007ff8c29f4000 	C:\WINDOWS\System32\RPCRT4.dll
0x00007ff8c1e00000 - 0x00007ff8c1fa0000 	C:\WINDOWS\System32\USER32.dll
0x00007ff8c1340000 - 0x00007ff8c1362000 	C:\WINDOWS\System32\win32u.dll
0x00007ff8b0fd0000 - 0x00007ff8b126b000 	C:\WINDOWS\WinSxS\amd64_microsoft.windows.common-controls_6595b64144ccf1df_6.0.19041.488_none_ca04af081b815d21\COMCTL32.dll
0x00007ff8c1980000 - 0x00007ff8c19aa000 	C:\WINDOWS\System32\GDI32.dll
0x00007ff8c1370000 - 0x00007ff8c1479000 	C:\WINDOWS\System32\gdi32full.dll
0x00007ff8c1480000 - 0x00007ff8c151d000 	C:\WINDOWS\System32\msvcp_win.dll
0x00007ff8b4f30000 - 0x00007ff8b4f3a000 	C:\WINDOWS\SYSTEM32\VERSION.dll
0x00007ff8c1940000 - 0x00007ff8c1970000 	C:\WINDOWS\System32\IMM32.DLL
0x00007ff8b64a0000 - 0x00007ff8b64ac000 	C:\Program Files\Java\jdk-17.0.5\bin\vcruntime140_1.dll
0x00007ff894470000 - 0x00007ff8944fd000 	C:\Program Files\Java\jdk-17.0.5\bin\msvcp140.dll
0x00007ff85b170000 - 0x00007ff85bd32000 	C:\Program Files\Java\jdk-17.0.5\bin\server\jvm.dll
0x00007ff8c1dd0000 - 0x00007ff8c1dd8000 	C:\WINDOWS\System32\PSAPI.DLL
0x00007ff8a26c0000 - 0x00007ff8a26c9000 	C:\WINDOWS\SYSTEM32\WSOCK32.dll
0x00007ff8b4cf0000 - 0x00007ff8b4d17000 	C:\WINDOWS\SYSTEM32\WINMM.dll
0x00007ff8c1b70000 - 0x00007ff8c1bdb000 	C:\WINDOWS\System32\WS2_32.dll
0x00007ff8beed0000 - 0x00007ff8beee2000 	C:\WINDOWS\SYSTEM32\kernel.appcore.dll
0x00007ff8aaa20000 - 0x00007ff8aaa2a000 	C:\Program Files\Java\jdk-17.0.5\bin\jimage.dll
0x00007ff8adda0000 - 0x00007ff8adf84000 	C:\WINDOWS\SYSTEM32\DBGHELP.DLL
0x00007ff8add50000 - 0x00007ff8add7c000 	C:\WINDOWS\SYSTEM32\dbgcore.DLL
0x00007ff8c1290000 - 0x00007ff8c130f000 	C:\WINDOWS\System32\bcryptPrimitives.dll
0x00007ff8aa330000 - 0x00007ff8aa36b000 	C:\Program Files\Java\jdk-17.0.5\bin\jdwp.dll
0x00007ff8b67d0000 - 0x00007ff8b67de000 	C:\Program Files\Java\jdk-17.0.5\bin\instrument.dll
0x00007ff894440000 - 0x00007ff894465000 	C:\Program Files\Java\jdk-17.0.5\bin\java.dll
0x00007ff894400000 - 0x00007ff894418000 	C:\Program Files\Java\jdk-17.0.5\bin\zip.dll

dbghelp: loaded successfully - version: 4.0.5 - missing functions: none
symbol engine: initialized successfully - sym options: 0x614 - pdb path: .;C:\Program Files\Java\jdk-17.0.5\bin;C:\WINDOWS\SYSTEM32;C:\WINDOWS\WinSxS\amd64_microsoft.windows.common-controls_6595b64144ccf1df_6.0.19041.488_none_ca04af081b815d21;C:\Program Files\Java\jdk-17.0.5\bin\server

VM Arguments:
jvm_args: -agentlib:jdwp=transport=dt_socket,address=127.0.0.1:51994,suspend=y,server=n -javaagent:C:\Users\Milan\AppData\Local\JetBrains\IdeaIC2022.3\captureAgent\debugger-agent.jar -Dfile.encoding=UTF-8 
java_command: rs.fon.studentska_sluzba.StudentskaSluzbaApplication
java_class_path (initial): E:\xampp\htdocs\studentska-sluzba\backend\target\classes;C:\Users\Milan\.m2\repository\org\springframework\boot\spring-boot-starter-security\3.0.2\spring-boot-starter-security-3.0.2.jar;C:\Users\Milan\.m2\repository\org\springframework\boot\spring-boot-starter\3.0.2\spring-boot-starter-3.0.2.jar;C:\Users\Milan\.m2\repository\org\springframework\boot\spring-boot\3.0.2\spring-boot-3.0.2.jar;C:\Users\Milan\.m2\repository\org\springframework\boot\spring-boot-autoconfigure\3.0.2\spring-boot-autoconfigure-3.0.2.jar;C:\Users\Milan\.m2\repository\org\springframework\boot\spring-boot-starter-logging\3.0.2\spring-boot-starter-logging-3.0.2.jar;C:\Users\Milan\.m2\repository\ch\qos\logback\logback-classic\1.4.5\logback-classic-1.4.5.jar;C:\Users\Milan\.m2\repository\ch\qos\logback\logback-core\1.4.5\logback-core-1.4.5.jar;C:\Users\Milan\.m2\repository\org\apache\logging\log4j\log4j-to-slf4j\2.19.0\log4j-to-slf4j-2.19.0.jar;C:\Users\Milan\.m2\repository\org\apache\logging\log4j\log4j-api\2.19.0\log4j-api-2.19.0.jar;C:\Users\Milan\.m2\repository\org\slf4j\jul-to-slf4j\2.0.6\jul-to-slf4j-2.0.6.jar;C:\Users\Milan\.m2\repository\jakarta\annotation\jakarta.annotation-api\2.1.1\jakarta.annotation-api-2.1.1.jar;C:\Users\Milan\.m2\repository\org\yaml\snakeyaml\1.33\snakeyaml-1.33.jar;C:\Users\Milan\.m2\repository\org\springframework\spring-aop\6.0.4\spring-aop-6.0.4.jar;C:\Users\Milan\.m2\repository\org\springframework\spring-beans\6.0.4\spring-beans-6.0.4.jar;C:\Users\Milan\.m2\repository\org\springframework\security\spring-security-config\6.0.1\spring-security-config-6.0.1.jar;C:\Users\Milan\.m2\repository\org\springframework\spring-context\6.0.4\spring-context-6.0.4.jar;C:\Users\Milan\.m2\repository\org\springframework\security\spring-security-web\6.0.1\spring-security-web-6.0.1.jar;C:\Users\Milan\.m2\repository\org\springframework\spring-expression\6.0.4\spring-expression-6.0.4.jar;C:\Users\Milan\.m2\repository\org\springframework\boot\spring-boot-starte
Launcher Type: SUN_STANDARD

[Global flags]
     intx CICompilerCount                          = 3                                         {product} {ergonomic}
     uint ConcGCThreads                            = 1                                         {product} {ergonomic}
     uint G1ConcRefinementThreads                  = 4                                         {product} {ergonomic}
   size_t G1HeapRegionSize                         = 1048576                                   {product} {ergonomic}
    uintx GCDrainStackTargetSize                   = 64                                        {product} {ergonomic}
   size_t InitialHeapSize                          = 67108864                                  {product} {ergonomic}
   size_t MarkStackSize                            = 4194304                                   {product} {ergonomic}
   size_t MaxHeapSize                              = 1052770304                                {product} {ergonomic}
   size_t MinHeapDeltaBytes                        = 1048576                                   {product} {ergonomic}
   size_t MinHeapSize                              = 8388608                                   {product} {ergonomic}
    uintx NonNMethodCodeHeapSize                   = 5832780                                {pd product} {ergonomic}
    uintx NonProfiledCodeHeapSize                  = 122912730                              {pd product} {ergonomic}
    uintx ProfiledCodeHeapSize                     = 122912730                              {pd product} {ergonomic}
    uintx ReservedCodeCacheSize                    = 251658240                              {pd product} {ergonomic}
     bool SegmentedCodeCache                       = true                                      {product} {ergonomic}
   size_t SoftMaxHeapSize                          = 1052770304                             {manageable} {ergonomic}
     bool UseCompressedClassPointers               = true                           {product lp64_product} {ergonomic}
     bool UseCompressedOops                        = true                           {product lp64_product} {ergonomic}
     bool UseG1GC                                  = true                                      {product} {ergonomic}
     bool UseLargePagesIndividualAllocation        = false                                  {pd product} {ergonomic}

Logging:
Log output configuration:
 #0: stdout all=warning uptime,level,tags
 #1: stderr all=off uptime,level,tags

Environment Variables:
JAVA_HOME=E:\Java\jdk1.8.0_261
PATH=C:\Program Files\Common Files\Oracle\Java\javapath;E:\app\Milan\product\21c\dbhomeXE\bin;C:\app\Milan\product\11.2.0\dbhome_1\bin;E:\app\Milan\product\11.2.0\dbhome_1\bin;C:\ProgramData\Oracle\Java\javapath;C:\Program Files (x86)\Common Files\Oracle\Java\javapath;C:\WINDOWS\system32;C:\WINDOWS;C:\WINDOWS\System32\Wbem;C:\WINDOWS\System32\WindowsPowerShell\v1.0\;C:\Program Files\Microsoft SQL Server\Client SDK\ODBC\170\Tools\Binn\;C:\Program Files (x86)\Microsoft SQL Server\150\Tools\Binn\;C:\Program Files\Microsoft SQL Server\150\Tools\Binn\;C:\Program Files\Microsoft SQL Server\150\DTS\Binn\;C:\Users\Milan\AppData\Roaming\Microsoft\Windows\Start Menu\Programs\Python 3.8;C:\Program Files\Git\cmd;C:\Program Files\nodejs\;C:\WINDOWS\System32\OpenSSH\;C:\xampp\php;C:\ProgramData\ComposerSetup\bin;E:\hadoop-env\hadoop;E:\hadoop-env\hadoop\sbin;E:\Java\jdk1.8.0_261\bin;E:\hadoop-env\hadoop\bin;E:\hadoop-env\apache-hive-3.1.2\bin;E:\hadoop-env\db-derby-10.14.2.0\bin;C:\Program Files\dotnet\;E:\Program Files\GitHub CLI\;C:\Program Files\Docker\Docker\resources\bin;C:\Program Files\MySQL\MySQL Shell 8.0\bin\;C:\Users\Milan\AppData\Local\Programs\Python\Python38\Scripts\;C:\Users\Milan\AppData\Local\Programs\Python\Python38\;C:\Users\Milan\AppData\Local\Programs\Microsoft VS Code\bin;C:\Users\Milan\AppData\Roaming\npm;C:\Users\Milan\AppData\Local\Microsoft\WindowsApps;C:\Users\Milan\AppData\Roaming\Composer\vendor\bin;E:\hadoop-env\hadoop\bin;E:\Java\jdk1.8.0_261\bin;C:\Users\Milan\.dotnet\tools;E:\xampp\php;C:\Program Files\MySQL\MySQL Server 8.0\bin;;C:\Program Files\JetBrains\IntelliJ IDEA Community Edition 2022.3.2\bin;
USERNAME=Milan
OS=Windows_NT
PROCESSOR_IDENTIFIER=Intel64 Family 6 Model 61 Stepping 4, GenuineIntel



---------------  S Y S T E M  ---------------

OS:
 Windows 10 , 64 bit Build 19041 (10.0.19041.546)
OS uptime: 0 days 0:35 hours
Hyper-V role detected

CPU: total 4 (initial active 4) (2 cores per cpu, 2 threads per core) family 6 model 61 stepping 4 microcode 0x2d, cx8, cmov, fxsr, ht, mmx, 3dnowpref, sse, sse2, sse3, ssse3, sse4.1, sse4.2, popcnt, lzcnt, tsc, tscinvbit, avx, avx2, aes, erms, clmul, bmi1, bmi2, adx, fma, vzeroupper, clflush, hv

Memory: 4k page, system-wide physical 4015M (451M free)
TotalPageFile size 8837M (AvailPageFile size 49M)
current process WorkingSet (physical memory assigned to process): 10M, peak: 10M
current process commit charge ("private bytes"): 51M, peak: 115M

vm_info: Java HotSpot(TM) 64-Bit Server VM (17.0.5+9-LTS-191) for windows-amd64 JRE (17.0.5+9-LTS-191), built on Sep 13 2022 17:31:43 by "mach5one" with MS VC++ 16.8 / 16.9 (VS2019)

END.
